Machine name is :
Linux math 5.3.0-59-generic #53~18.04.1-Ubuntu SMP Thu Jun 4 14:58:26 UTC 2020 x86_64 x86_64 x86_64 GNU/Linux
 
Program started on:
sex jun 19 16:27:14 -03 2020
 

Program received signal SIGSEGV: Segmentation fault - invalid memory reference.

Backtrace for this error:
#0  0x145a8d97232a
#1  0x145a8d971503
#2  0x145a8cdbff1f
#3  0x561aed02bcd2
#4  0x561aecf7b5bc
#5  0x561aecf74e92
#6  0x561aecf74ef8
#7  0x145a8cda2b96
#8  0x561aecf6ad39
#9  0xffffffffffffffff
Program finished on:
sex jun 19 16:27:16 -03 2020
 
 
Continuum calculation started on:
sex jun 19 16:27:16 -03 2020
 

Program received signal SIGSEGV: Segmentation fault - invalid memory reference.

Backtrace for this error:
#0  0x14a03fd5732a
#1  0x14a03fd56503
#2  0x14a03f1a4f1f
#3  0x560276965cd2
#4  0x5602768b55bc
#5  0x5602768aee92
#6  0x5602768aeef8
#7  0x14a03f187b96
#8  0x5602768a4d39
#9  0xffffffffffffffff
Program finished on:
sex jun 19 16:27:16 -03 2020
