Machine name is :
Linux math 5.4.0-42-generic #46~18.04.1-Ubuntu SMP Fri Jul 10 07:21:24 UTC 2020 x86_64 x86_64 x86_64 GNU/Linux
 
Program started on:
ter set  1 14:04:06 -03 2020
 

Program received signal SIGSEGV: Segmentation fault - invalid memory reference.

Backtrace for this error:
#0  0x14fae4b9932a
#1  0x14fae4b98503
#2  0x14fae3fe6fcf
#3  0x55a570a22cd2
#4  0x55a5709725bc
#5  0x55a57096be92
#6  0x55a57096bef8
#7  0x14fae3fc9b96
#8  0x55a570961d39
#9  0xffffffffffffffff
Program finished on:
ter set  1 14:04:07 -03 2020
 
 
Continuum calculation started on:
ter set  1 14:04:07 -03 2020
 

Program received signal SIGSEGV: Segmentation fault - invalid memory reference.

Backtrace for this error:
#0  0x14dc0165c32a
#1  0x14dc0165b503
#2  0x14dc00aa9fcf
#3  0x561c8e144cd2
#4  0x561c8e0945bc
#5  0x561c8e08de92
#6  0x561c8e08def8
#7  0x14dc00a8cb96
#8  0x561c8e083d39
#9  0xffffffffffffffff
Program finished on:
ter set  1 14:04:08 -03 2020
